1: Santa: going to sleep
2: Elf 2: started
3: Elf 1: started
4: Elf 3: started
5: Elf 4: started
6: Elf 5: started
7: Elf 8: started
8: Elf 7: started
9: Elf 6: started
10: RD 2: rstarted
11: Elf 10: started
12: RD 1: rstarted
13: Elf 9: started
14: RD 3: rstarted
15: RD 4: rstarted
16: RD 5: rstarted
17: RD 2: return home
18: RD 1: return home
19: RD 3: return home
20: RD 4: return home
21: RD 5: return home
22: Santa: closing workshop
23: RD 2: get hitched
24: Elf 2: need help
25: RD 1: get hitched
26: RD 3: get hitched
27: RD 4: get hitched
28: Elf 1: need help
29: RD 5: get hitched
30: Santa: Christmas started
31: Elf 2: taking holidays
32: Elf 1: taking holidays
33: Elf 3: need help
34: Elf 3: taking holidays
35: Elf 4: need help
36: Elf 4: taking holidays
37: Elf 5: need help
38: Elf 5: taking holidays
39: Elf 8: need help
40: Elf 8: taking holidays
41: Elf 7: need help
42: Elf 7: taking holidays
43: Elf 6: need help
44: Elf 6: taking holidays
45: Elf 10: need help
46: Elf 10: taking holidays
47: Elf 9: need help
48: Elf 9: taking holidays
